2026-04-29 14:34:09,208 [INFO] Starting Bar & Bench Supreme Court scraper
2026-04-29 14:34:20,569 [INFO] Page 1: 0 new | 0 existing skipped
2026-04-29 14:34:28,877 [INFO] Page 2: 0 new | 0 existing skipped
2026-04-29 14:34:36,082 [INFO] Page 3: 0 new | 0 existing skipped
2026-04-29 14:34:36,150 [INFO] Stopping due to stale pages
2026-04-29 14:34:36,975 [INFO] Scrape complete | New: 0 | Duplicates: 0 | Recent: 0
2026-04-29 15:06:08,911 [INFO] Starting Bar & Bench Supreme Court scraper
2026-04-29 15:06:21,303 [INFO] Page 1: 0 new | 0 existing skipped
2026-04-29 15:06:27,199 [INFO] Page 2: 0 new | 0 existing skipped
2026-04-29 15:06:32,632 [INFO] Page 3: 0 new | 0 existing skipped
2026-04-29 15:06:32,670 [INFO] Stopping due to stale pages
2026-04-29 15:06:32,957 [INFO] Scrape complete | New: 0 | Duplicates: 0 | Recent: 0
2026-04-29 15:12:21,586 [INFO] Starting Fixed Bar & Bench Supreme Court scraper
2026-04-29 15:12:29,776 [INFO] Page 1: Found 25 candidate links
2026-04-29 15:12:29,777 [INFO] Sample link: https://www.barandbench.com/news/litigation/karnataka-moves-supreme-court-against-high-court-order-lifting-bike-taxi-ban
2026-04-29 15:12:29,777 [INFO] Sample link: https://www.barandbench.com/news/congress-leader-pawan-khera-moves-supreme-court-after-gauhati-high-court-rejects-anticipatory-bail
2026-04-29 15:12:29,777 [INFO] Sample link: https://www.barandbench.com/news/supreme-court-refuses-to-pass-additional-directions-to-curb-hate-speech-says-existing-laws-sufficient
2026-04-29 15:12:29,777 [INFO] Sample link: https://www.barandbench.com/news/litigation/80-is-no-age-to-fight-in-court-go-for-mediation-supreme-court-tells-rani-kapur-in-dispute-with-priya-kapur
2026-04-29 15:12:29,777 [INFO] Sample link: https://www.barandbench.com/news/cji-surya-kant-bats-for-institutionalising-engagement-of-retired-judges-as-arbitrators-law-teachers
2026-04-29 15:12:29,778 [INFO] Sample link: https://www.barandbench.com/news/lawschools
2026-04-29 15:12:29,778 [INFO] Sample link: https://www.barandbench.com/news/buyer-not-criminally-liable-if-property-later-found-linked-to-forged-will-supreme-court
2026-04-29 15:12:29,778 [INFO] Sample link: https://www.barandbench.com/news/litigation/can-break-up-after-live-in-relationship-attract-rape-charges-supreme-court-asks
2026-04-29 15:12:29,801 [INFO] Page 1: 25 new | 0 existing skipped
2026-04-29 15:17:42,179 [INFO] Stale pages: 1
2026-04-29 15:17:49,759 [INFO] Page 2: Found 25 candidate links
2026-04-29 15:17:49,760 [INFO] Sample link: https://www.barandbench.com/news/litigation/karnataka-moves-supreme-court-against-high-court-order-lifting-bike-taxi-ban
2026-04-29 15:17:49,763 [INFO] Sample link: https://www.barandbench.com/news/congress-leader-pawan-khera-moves-supreme-court-after-gauhati-high-court-rejects-anticipatory-bail
2026-04-29 15:17:49,763 [INFO] Sample link: https://www.barandbench.com/news/supreme-court-refuses-to-pass-additional-directions-to-curb-hate-speech-says-existing-laws-sufficient
2026-04-29 15:17:49,763 [INFO] Sample link: https://www.barandbench.com/news/litigation/80-is-no-age-to-fight-in-court-go-for-mediation-supreme-court-tells-rani-kapur-in-dispute-with-priya-kapur
2026-04-29 15:17:49,763 [INFO] Sample link: https://www.barandbench.com/news/cji-surya-kant-bats-for-institutionalising-engagement-of-retired-judges-as-arbitrators-law-teachers
2026-04-29 15:17:49,765 [INFO] Sample link: https://www.barandbench.com/news/lawschools
2026-04-29 15:17:49,765 [INFO] Sample link: https://www.barandbench.com/news/buyer-not-criminally-liable-if-property-later-found-linked-to-forged-will-supreme-court
2026-04-29 15:17:49,765 [INFO] Sample link: https://www.barandbench.com/news/litigation/can-break-up-after-live-in-relationship-attract-rape-charges-supreme-court-asks
2026-04-29 15:17:49,770 [INFO] Page 2: 25 new | 0 existing skipped
2026-04-29 15:20:50,775 [ERROR] Future exception was never retrieved
future: <Future finished exception=TargetClosedError('Target page, context or browser has been closed\nCall log:\n  - navigating to "https://www.barandbench.com/news/litigation", waiting until "load"\n')>
playwright._impl._errors.TargetClosedError: Target page, context or browser has been closed
Call log:
  - navigating to "https://www.barandbench.com/news/litigation", waiting until "load"

2026-04-29 15:20:50,780 [ERROR] Future exception was never retrieved
future: <Future finished exception=TargetClosedError('Target page, context or browser has been closed\nCall log:\n  - navigating to "https://www.barandbench.com/news/scba-elections-supreme-court-orders-vice-president-post-to-be-reserved-for-women", waiting until "load"\n')>
playwright._impl._errors.TargetClosedError: Target page, context or browser has been closed
Call log:
  - navigating to "https://www.barandbench.com/news/scba-elections-supreme-court-orders-vice-president-post-to-be-reserved-for-women", waiting until "load"

2026-04-29 15:20:50,781 [ERROR] Future exception was never retrieved
future: <Future finished exception=TargetClosedError('Target page, context or browser has been closed\nCall log:\n  - navigating to "https://www.barandbench.com/news/supreme-court-takes-suo-motu-cognisance-of-brutal-stabbing-of-lawyer-by-her-husband", waiting until "load"\n')>
playwright._impl._errors.TargetClosedError: Target page, context or browser has been closed
Call log:
  - navigating to "https://www.barandbench.com/news/supreme-court-takes-suo-motu-cognisance-of-brutal-stabbing-of-lawyer-by-her-husband", waiting until "load"

