2026-04-29 23:44:57,206 [INFO] Loading existing SC master dataset...
2026-04-29 23:44:57,207 [INFO] Running Bar & Bench scraper...
2026-04-29 23:45:07,602 [INFO] Bar & Bench Page 1: 23 links
2026-04-29 23:45:45,828 [INFO] Running LiveLaw scraper...
2026-04-29 23:45:46,648 [INFO] LiveLaw Page 1: 6 links
2026-04-29 23:45:50,991 [INFO] LiveLaw Page 2: 12 links
2026-04-29 23:46:01,742 [INFO] LiveLaw Page 3: 8 links
2026-04-29 23:46:08,989 [INFO] LiveLaw Page 4: 10 links
2026-04-29 23:46:16,571 [INFO] LiveLaw Page 5: 6 links
2026-04-29 23:46:21,727 [INFO] LiveLaw Page 6: 10 links
2026-04-29 23:46:36,386 [INFO] LiveLaw Page 7: 10 links
2026-04-29 23:46:49,236 [INFO] LiveLaw Page 8: 11 links
2026-04-29 23:47:04,785 [INFO] LiveLaw Page 9: 9 links
2026-04-29 23:47:16,854 [INFO] LiveLaw Page 10: 9 links
2026-04-29 23:47:31,742 [INFO] Collected 0 Bar & Bench + 8 LiveLaw articles
2026-04-29 23:47:31,826 [INFO] Unified SC scrape complete | Total articles saved: 12
2026-04-29 23:47:31,827 [INFO] Saved master dataset to: C:\Users\mohit\Documents\GitHub\NexLexHub\Pharse_1\Scraper\Data\Raw_Data\SC_articles.json
2026-04-29 23:54:57,583 [INFO] Loading existing SC master dataset...
2026-04-29 23:54:57,584 [INFO] Running Bar & Bench scraper...
2026-04-29 23:55:05,364 [INFO] Bar & Bench Page 1: 23 links
2026-04-29 23:55:08,040 [WARNING] BB Rejected: https://www.barandbench.com/news/west-bengal-elections-petition-filed-before-supreme-court-for-removal-of-ajay-pal-sharma-ips-as-election-observer
2026-04-29 23:55:08,101 [WARNING] BB Rejected: https://www.barandbench.com/news/litigation/only-38-deer-to-remain-in-delhis-hauz-khas-park-as-supreme-court-permits-relocation-of-rest
2026-04-29 23:55:08,164 [WARNING] BB Rejected: https://www.barandbench.com/news/supreme-court-halts-gujarat-government-action-against-asaram-bapus-ashram-lands
2026-04-29 23:55:08,263 [WARNING] BB Rejected: https://www.barandbench.com/news/sabarimala-reference-supreme-court-warns-against-pitting-one-religion-or-language-against-another
2026-04-29 23:55:08,473 [WARNING] BB Rejected: https://www.barandbench.com/news/litigation/can-break-up-after-live-in-relationship-attract-rape-charges-supreme-court-asks
2026-04-29 23:55:08,657 [WARNING] BB Rejected: https://www.barandbench.com/news/litigation/show-travel-itinerary-for-passport-release-supreme-court-to-teesta-setalvad
2026-04-29 23:55:11,132 [WARNING] BB Rejected: https://www.barandbench.com/news/judges
2026-04-29 23:55:11,230 [WARNING] BB Rejected: https://www.barandbench.com/news/law-policy
2026-04-29 23:55:11,313 [WARNING] BB Rejected: https://www.barandbench.com/news/corporate
2026-04-29 23:55:11,664 [WARNING] BB Rejected: https://www.barandbench.com/news/supreme-court-refuses-to-pass-additional-directions-to-curb-hate-speech-says-existing-laws-sufficient
2026-04-29 23:55:11,740 [WARNING] BB Rejected: https://www.barandbench.com/news/litigation/supreme-court-initiates-suo-motu-case-to-address-delays-by-nclt-in-approving-resolution-plans
2026-04-29 23:55:11,992 [WARNING] BB Rejected: https://www.barandbench.com/news/sabarimala-reference-hearing-live-updates-from-supreme-court-day-9
2026-04-29 23:55:15,070 [WARNING] BB Rejected: https://www.barandbench.com/news/litigation
2026-04-29 23:55:15,781 [WARNING] BB Rejected: https://www.barandbench.com/news/litigation/genuine-women-devotees-wait-till-age-50-to-enter-sabarimala-temple-supreme-court
2026-04-29 23:55:16,252 [WARNING] BB Rejected: https://www.barandbench.com/news/litigation/misusing-black-robes-supreme-court-criticises-lawyers-obnoxious-social-media-campaign-against-judge
2026-04-29 23:55:16,412 [WARNING] BB Rejected: https://www.barandbench.com/news/litigation/senior-advocates-to-represent-death-row-convicts-supreme-court-lays-down-directions-for-death-penalty-cases
2026-04-29 23:55:16,945 [WARNING] BB Rejected: https://www.barandbench.com/news/notify-all-airports-supreme-court-orders-look-out-notice-against-satinder-singh-bhasin-in-grand-venice-case
2026-04-29 23:55:17,068 [WARNING] BB Rejected: https://www.barandbench.com/news/litigation/supreme-court-upholds-order-to-evict-lt-from-bandra-property-occupied-by-it-since-1958
2026-04-29 23:55:20,247 [WARNING] BB Rejected: https://www.barandbench.com/news/buyer-not-criminally-liable-if-property-later-found-linked-to-forged-will-supreme-court
2026-04-29 23:55:20,445 [WARNING] BB Rejected: https://www.barandbench.com/news/scba-elections-supreme-court-orders-vice-president-post-to-be-reserved-for-women
2026-04-29 23:55:21,160 [INFO] BB Parsed: Sabarimala reference hearing: Live updates from Supreme Court - Day 10
2026-04-29 23:55:21,444 [WARNING] BB Rejected: https://www.barandbench.com/news/litigation/karnataka-moves-supreme-court-against-high-court-order-lifting-bike-taxi-ban
2026-04-29 23:55:21,547 [WARNING] BB Rejected: https://www.barandbench.com/news/litigation/whatsapp-banned-9400-accounts-used-for-digital-arrest-scams-in-2026-ag-tells-supreme-courtv
2026-04-29 23:55:26,238 [INFO] Bar & Bench Page 2: 23 links
2026-04-29 23:55:29,490 [WARNING] BB Rejected: https://www.barandbench.com/news/litigation/show-travel-itinerary-for-passport-release-supreme-court-to-teesta-setalvad
2026-04-29 23:55:29,672 [WARNING] BB Rejected: https://www.barandbench.com/news/litigation/only-38-deer-to-remain-in-delhis-hauz-khas-park-as-supreme-court-permits-relocation-of-rest
2026-04-29 23:55:30,066 [WARNING] BB Rejected: https://www.barandbench.com/news/west-bengal-elections-petition-filed-before-supreme-court-for-removal-of-ajay-pal-sharma-ips-as-election-observer
2026-04-29 23:55:31,180 [WARNING] BB Rejected: https://www.barandbench.com/news/litigation/can-break-up-after-live-in-relationship-attract-rape-charges-supreme-court-asks
2026-04-29 23:55:31,346 [WARNING] BB Rejected: https://www.barandbench.com/news/sabarimala-reference-supreme-court-warns-against-pitting-one-religion-or-language-against-another
2026-04-29 23:55:31,498 [WARNING] BB Rejected: https://www.barandbench.com/news/supreme-court-halts-gujarat-government-action-against-asaram-bapus-ashram-lands
2026-04-29 23:55:34,599 [WARNING] BB Rejected: https://www.barandbench.com/news/judges
2026-04-29 23:55:34,912 [WARNING] BB Rejected: https://www.barandbench.com/news/corporate
2026-04-29 23:55:35,095 [WARNING] BB Rejected: https://www.barandbench.com/news/supreme-court-refuses-to-pass-additional-directions-to-curb-hate-speech-says-existing-laws-sufficient
2026-04-29 23:55:36,267 [WARNING] BB Rejected: https://www.barandbench.com/news/law-policy
2026-04-29 23:55:36,836 [WARNING] BB Rejected: https://www.barandbench.com/news/litigation/supreme-court-initiates-suo-motu-case-to-address-delays-by-nclt-in-approving-resolution-plans
2026-04-29 23:55:37,266 [WARNING] BB Rejected: https://www.barandbench.com/news/sabarimala-reference-hearing-live-updates-from-supreme-court-day-9
2026-04-29 23:55:40,564 [WARNING] BB Rejected: https://www.barandbench.com/news/litigation/senior-advocates-to-represent-death-row-convicts-supreme-court-lays-down-directions-for-death-penalty-cases
2026-04-29 23:55:40,750 [WARNING] BB Rejected: https://www.barandbench.com/news/litigation/misusing-black-robes-supreme-court-criticises-lawyers-obnoxious-social-media-campaign-against-judge
2026-04-29 23:55:40,945 [WARNING] BB Rejected: https://www.barandbench.com/news/litigation
2026-04-29 23:55:41,235 [WARNING] BB Rejected: https://www.barandbench.com/news/litigation/genuine-women-devotees-wait-till-age-50-to-enter-sabarimala-temple-supreme-court
2026-04-29 23:55:41,711 [WARNING] BB Rejected: https://www.barandbench.com/news/litigation/supreme-court-upholds-order-to-evict-lt-from-bandra-property-occupied-by-it-since-1958
2026-04-29 23:55:41,797 [WARNING] BB Rejected: https://www.barandbench.com/news/notify-all-airports-supreme-court-orders-look-out-notice-against-satinder-singh-bhasin-in-grand-venice-case
2026-04-29 23:55:45,075 [WARNING] BB Rejected: https://www.barandbench.com/news/scba-elections-supreme-court-orders-vice-president-post-to-be-reserved-for-women
2026-04-29 23:55:45,266 [WARNING] BB Rejected: https://www.barandbench.com/news/litigation/karnataka-moves-supreme-court-against-high-court-order-lifting-bike-taxi-ban
2026-04-29 23:55:45,542 [WARNING] BB Rejected: https://www.barandbench.com/news/litigation/whatsapp-banned-9400-accounts-used-for-digital-arrest-scams-in-2026-ag-tells-supreme-courtv
2026-04-29 23:55:45,778 [INFO] BB Parsed: Sabarimala reference hearing: Live updates from Supreme Court - Day 10
2026-04-29 23:55:45,915 [WARNING] BB Rejected: https://www.barandbench.com/news/buyer-not-criminally-liable-if-property-later-found-linked-to-forged-will-supreme-court
2026-04-29 23:55:51,128 [INFO] Bar & Bench Page 3: 23 links
2026-04-29 23:55:54,148 [WARNING] BB Rejected: https://www.barandbench.com/news/sabarimala-reference-supreme-court-warns-against-pitting-one-religion-or-language-against-another
2026-04-29 23:55:54,310 [WARNING] BB Rejected: https://www.barandbench.com/news/litigation/can-break-up-after-live-in-relationship-attract-rape-charges-supreme-court-asks
2026-04-29 23:55:54,439 [WARNING] BB Rejected: https://www.barandbench.com/news/litigation/only-38-deer-to-remain-in-delhis-hauz-khas-park-as-supreme-court-permits-relocation-of-rest
2026-04-29 23:55:54,557 [WARNING] BB Rejected: https://www.barandbench.com/news/west-bengal-elections-petition-filed-before-supreme-court-for-removal-of-ajay-pal-sharma-ips-as-election-observer
2026-04-29 23:55:54,938 [WARNING] BB Rejected: https://www.barandbench.com/news/litigation/show-travel-itinerary-for-passport-release-supreme-court-to-teesta-setalvad
2026-04-29 23:55:55,096 [WARNING] BB Rejected: https://www.barandbench.com/news/supreme-court-halts-gujarat-government-action-against-asaram-bapus-ashram-lands
2026-04-29 23:55:58,349 [WARNING] BB Rejected: https://www.barandbench.com/news/judges
2026-04-29 23:55:58,793 [WARNING] BB Rejected: https://www.barandbench.com/news/corporate
2026-04-29 23:55:59,294 [WARNING] BB Rejected: https://www.barandbench.com/news/supreme-court-refuses-to-pass-additional-directions-to-curb-hate-speech-says-existing-laws-sufficient
2026-04-29 23:55:59,499 [WARNING] BB Rejected: https://www.barandbench.com/news/law-policy
2026-04-29 23:55:59,700 [WARNING] BB Rejected: https://www.barandbench.com/news/litigation/supreme-court-initiates-suo-motu-case-to-address-delays-by-nclt-in-approving-resolution-plans
2026-04-29 23:56:00,372 [WARNING] BB Rejected: https://www.barandbench.com/news/sabarimala-reference-hearing-live-updates-from-supreme-court-day-9
2026-04-29 23:56:03,905 [WARNING] BB Rejected: https://www.barandbench.com/news/litigation/misusing-black-robes-supreme-court-criticises-lawyers-obnoxious-social-media-campaign-against-judge
2026-04-29 23:56:04,170 [WARNING] BB Rejected: https://www.barandbench.com/news/litigation/senior-advocates-to-represent-death-row-convicts-supreme-court-lays-down-directions-for-death-penalty-cases
2026-04-29 23:56:04,364 [WARNING] BB Rejected: https://www.barandbench.com/news/litigation/genuine-women-devotees-wait-till-age-50-to-enter-sabarimala-temple-supreme-court
2026-04-29 23:56:04,507 [WARNING] BB Rejected: https://www.barandbench.com/news/litigation
2026-04-29 23:56:04,671 [WARNING] BB Rejected: https://www.barandbench.com/news/litigation/supreme-court-upholds-order-to-evict-lt-from-bandra-property-occupied-by-it-since-1958
2026-04-29 23:56:04,858 [WARNING] BB Rejected: https://www.barandbench.com/news/notify-all-airports-supreme-court-orders-look-out-notice-against-satinder-singh-bhasin-in-grand-venice-case
2026-04-29 23:56:08,432 [WARNING] BB Rejected: https://www.barandbench.com/news/buyer-not-criminally-liable-if-property-later-found-linked-to-forged-will-supreme-court
2026-04-29 23:56:08,539 [WARNING] BB Rejected: https://www.barandbench.com/news/litigation/karnataka-moves-supreme-court-against-high-court-order-lifting-bike-taxi-ban
2026-04-29 23:56:08,610 [WARNING] BB Rejected: https://www.barandbench.com/news/scba-elections-supreme-court-orders-vice-president-post-to-be-reserved-for-women
2026-04-29 23:56:08,752 [INFO] BB Parsed: Sabarimala reference hearing: Live updates from Supreme Court - Day 10
2026-04-29 23:56:08,822 [WARNING] BB Rejected: https://www.barandbench.com/news/litigation/whatsapp-banned-9400-accounts-used-for-digital-arrest-scams-in-2026-ag-tells-supreme-courtv
2026-04-29 23:56:14,065 [INFO] Bar & Bench Page 4: 23 links
2026-04-29 23:56:14,950 [ERROR] Future exception was never retrieved
future: <Future finished exception=Error('net::ERR_ABORTED at https://www.barandbench.com/news/litigation/can-break-up-after-live-in-relationship-attract-rape-charges-supreme-court-asks\nCall log:\n  - navigating to "https://www.barandbench.com/news/litigation/can-break-up-after-live-in-relationship-attract-rape-charges-supreme-court-asks", waiting until "domcontentloaded"\n')>
playwright._impl._errors.Error: net::ERR_ABORTED at https://www.barandbench.com/news/litigation/can-break-up-after-live-in-relationship-attract-rape-charges-supreme-court-asks
Call log:
  - navigating to "https://www.barandbench.com/news/litigation/can-break-up-after-live-in-relationship-attract-rape-charges-supreme-court-asks", waiting until "domcontentloaded"

2026-04-30 00:04:42,146 [INFO] Loading existing SC master dataset...
2026-04-30 00:04:42,146 [INFO] Running Bar & Bench scraper...
2026-04-30 00:04:47,392 [INFO] Bar & Bench Page 1: 23 links
2026-04-30 00:04:49,978 [WARNING] BB Rejected: https://www.barandbench.com/news/law-policy
2026-04-30 00:04:50,225 [WARNING] BB Rejected: https://www.barandbench.com/news/litigation/karnataka-moves-supreme-court-against-high-court-order-lifting-bike-taxi-ban
2026-04-30 00:04:50,308 [WARNING] BB Rejected: https://www.barandbench.com/news/litigation/senior-advocates-to-represent-death-row-convicts-supreme-court-lays-down-directions-for-death-penalty-cases
2026-04-30 00:04:53,009 [WARNING] BB Rejected: https://www.barandbench.com/news/notify-all-airports-supreme-court-orders-look-out-notice-against-satinder-singh-bhasin-in-grand-venice-case
2026-04-30 00:04:53,227 [WARNING] BB Rejected: https://www.barandbench.com/news/sabarimala-reference-supreme-court-warns-against-pitting-one-religion-or-language-against-another
2026-04-30 00:04:53,377 [WARNING] BB Rejected: https://www.barandbench.com/news/litigation/only-38-deer-to-remain-in-delhis-hauz-khas-park-as-supreme-court-permits-relocation-of-rest
2026-04-30 00:04:56,127 [WARNING] BB Rejected: https://www.barandbench.com/news/litigation/misusing-black-robes-supreme-court-criticises-lawyers-obnoxious-social-media-campaign-against-judge
2026-04-30 00:04:56,296 [WARNING] BB Rejected: https://www.barandbench.com/news/corporate
2026-04-30 00:04:56,369 [WARNING] BB Rejected: https://www.barandbench.com/news/litigation/genuine-women-devotees-wait-till-age-50-to-enter-sabarimala-temple-supreme-court
2026-04-30 00:04:58,822 [WARNING] BB Rejected: https://www.barandbench.com/news/litigation
2026-04-30 00:04:59,448 [WARNING] BB Rejected: https://www.barandbench.com/news/litigation/supreme-court-upholds-order-to-evict-lt-from-bandra-property-occupied-by-it-since-1958
2026-04-30 00:04:59,550 [INFO] BB Parsed: Sabarimala reference hearing: Live updates from Supreme Court - Day 10
2026-04-30 00:05:02,095 [WARNING] BB Rejected: https://www.barandbench.com/news/sabarimala-reference-hearing-live-updates-from-supreme-court-day-9
2026-04-30 00:05:02,655 [WARNING] BB Rejected: https://www.barandbench.com/news/litigation/whatsapp-banned-9400-accounts-used-for-digital-arrest-scams-in-2026-ag-tells-supreme-courtv
2026-04-30 00:05:02,755 [WARNING] BB Rejected: https://www.barandbench.com/news/litigation/supreme-court-initiates-suo-motu-case-to-address-delays-by-nclt-in-approving-resolution-plans
2026-04-30 00:05:05,281 [WARNING] BB Rejected: https://www.barandbench.com/news/judges
2026-04-30 00:05:05,546 [WARNING] BB Rejected: https://www.barandbench.com/news/supreme-court-halts-gujarat-government-action-against-asaram-bapus-ashram-lands
2026-04-30 00:05:05,957 [WARNING] BB Rejected: https://www.barandbench.com/news/litigation/can-break-up-after-live-in-relationship-attract-rape-charges-supreme-court-asks
2026-04-30 00:05:07,893 [WARNING] BB Rejected: https://www.barandbench.com/news/buyer-not-criminally-liable-if-property-later-found-linked-to-forged-will-supreme-court
2026-04-30 00:05:08,214 [WARNING] BB Rejected: https://www.barandbench.com/news/scba-elections-supreme-court-orders-vice-president-post-to-be-reserved-for-women
2026-04-30 00:05:08,983 [WARNING] BB Rejected: https://www.barandbench.com/news/litigation/show-travel-itinerary-for-passport-release-supreme-court-to-teesta-setalvad
2026-04-30 00:05:10,544 [WARNING] BB Rejected: https://www.barandbench.com/news/supreme-court-refuses-to-pass-additional-directions-to-curb-hate-speech-says-existing-laws-sufficient
2026-04-30 00:05:11,247 [WARNING] BB Rejected: https://www.barandbench.com/news/west-bengal-elections-petition-filed-before-supreme-court-for-removal-of-ajay-pal-sharma-ips-as-election-observer
2026-04-30 00:05:15,732 [INFO] Duplicate topic page detected, stopping BB pagination
2026-04-30 00:05:16,199 [INFO] Running LiveLaw scraper...
2026-04-30 00:05:16,950 [INFO] LiveLaw Page 1: 6 links
2026-04-30 00:05:21,623 [INFO] LiveLaw Page 2: 12 links
2026-04-30 00:05:30,764 [INFO] LiveLaw Page 3: 8 links
2026-04-30 00:05:37,766 [INFO] LiveLaw Page 4: 10 links
2026-04-30 00:05:46,493 [INFO] LiveLaw Page 5: 6 links
2026-04-30 00:05:53,119 [INFO] LiveLaw Page 6: 10 links
2026-04-30 00:06:03,363 [INFO] LiveLaw Page 7: 10 links
2026-04-30 00:06:10,722 [INFO] LiveLaw Page 8: 11 links
2026-04-30 00:06:18,539 [INFO] LiveLaw Page 9: 9 links
2026-04-30 00:06:22,538 [INFO] Loading existing SC master dataset...
2026-04-30 00:06:22,539 [INFO] Running Bar & Bench scraper...
2026-04-30 00:06:27,817 [INFO] Bar & Bench Page 1: 23 links
2026-04-30 00:06:30,944 [WARNING] BB Rejected: https://www.barandbench.com/news/litigation/karnataka-moves-supreme-court-against-high-court-order-lifting-bike-taxi-ban
2026-04-30 00:06:31,065 [INFO] BB Parsed: Sabarimala reference hearing: Live updates from Supreme Court - Day 9
2026-04-30 00:06:31,117 [WARNING] BB Rejected: https://www.barandbench.com/news/buyer-not-criminally-liable-if-property-later-found-linked-to-forged-will-supreme-court
2026-04-30 00:06:34,037 [WARNING] BB Rejected: https://www.barandbench.com/news/litigation
2026-04-30 00:06:34,405 [WARNING] BB Rejected: https://www.barandbench.com/news/litigation/senior-advocates-to-represent-death-row-convicts-supreme-court-lays-down-directions-for-death-penalty-cases
2026-04-30 00:06:34,693 [WARNING] BB Rejected: https://www.barandbench.com/news/litigation/genuine-women-devotees-wait-till-age-50-to-enter-sabarimala-temple-supreme-court
2026-04-30 00:06:37,603 [WARNING] BB Rejected: https://www.barandbench.com/news/scba-elections-supreme-court-orders-vice-president-post-to-be-reserved-for-women
2026-04-30 00:06:38,114 [WARNING] BB Rejected: https://www.barandbench.com/news/litigation/misusing-black-robes-supreme-court-criticises-lawyers-obnoxious-social-media-campaign-against-judge
2026-04-30 00:06:39,056 [ERROR] Future exception was never retrieved
future: <Future finished exception=TargetClosedError('Target page, context or browser has been closed')>
playwright._impl._errors.TargetClosedError: Target page, context or browser has been closed
2026-04-30 00:06:39,057 [ERROR] Future exception was never retrieved
future: <Future finished exception=TargetClosedError('Target page, context or browser has been closed')>
playwright._impl._errors.TargetClosedError: Target page, context or browser has been closed
2026-04-30 00:06:39,058 [ERROR] Future exception was never retrieved
future: <Future finished exception=TargetClosedError('Target page, context or browser has been closed')>
playwright._impl._errors.TargetClosedError: Target page, context or browser has been closed
2026-04-30 00:06:39,058 [ERROR] Future exception was never retrieved
future: <Future finished exception=TargetClosedError('Target page, context or browser has been closed')>
playwright._impl._errors.TargetClosedError: Target page, context or browser has been closed
2026-04-30 00:07:54,233 [INFO] Loading existing SC master dataset...
2026-04-30 00:07:54,233 [INFO] Running Bar & Bench scraper...
2026-04-30 00:07:59,693 [INFO] Bar & Bench Page 1: 23 links
2026-04-30 00:08:02,801 [INFO] BB Skipped only due to extraction failure: https://www.barandbench.com/news/law-policy
2026-04-30 00:08:02,969 [INFO] BB Skipped only due to extraction failure: https://www.barandbench.com/news/buyer-not-criminally-liable-if-property-later-found-linked-to-forged-will-supreme-court
2026-04-30 00:08:03,052 [INFO] BB Skipped only due to extraction failure: https://www.barandbench.com/news/litigation/supreme-court-upholds-order-to-evict-lt-from-bandra-property-occupied-by-it-since-1958
2026-04-30 00:08:06,377 [INFO] BB Skipped only due to extraction failure: https://www.barandbench.com/news/sabarimala-reference-supreme-court-warns-against-pitting-one-religion-or-language-against-another
2026-04-30 00:08:06,504 [INFO] BB Skipped only due to extraction failure: https://www.barandbench.com/news/litigation/whatsapp-banned-9400-accounts-used-for-digital-arrest-scams-in-2026-ag-tells-supreme-courtv
2026-04-30 00:08:06,758 [INFO] BB Parsed: Sabarimala reference hearing: Live updates from Supreme Court - Day 9
2026-04-30 00:08:09,855 [INFO] BB Skipped only due to extraction failure: https://www.barandbench.com/news/litigation/show-travel-itinerary-for-passport-release-supreme-court-to-teesta-setalvad
2026-04-30 00:08:10,313 [INFO] BB Skipped only due to extraction failure: https://www.barandbench.com/news/supreme-court-refuses-to-pass-additional-directions-to-curb-hate-speech-says-existing-laws-sufficient
2026-04-30 00:08:10,606 [INFO] BB Skipped only due to extraction failure: https://www.barandbench.com/news/litigation/can-break-up-after-live-in-relationship-attract-rape-charges-supreme-court-asks
2026-04-30 00:08:13,603 [INFO] BB Skipped only due to extraction failure: https://www.barandbench.com/news/judges
2026-04-30 00:08:14,287 [INFO] BB Skipped only due to extraction failure: https://www.barandbench.com/news/litigation/only-38-deer-to-remain-in-delhis-hauz-khas-park-as-supreme-court-permits-relocation-of-rest
2026-04-30 00:08:14,387 [INFO] BB Skipped only due to extraction failure: https://www.barandbench.com/news/litigation/genuine-women-devotees-wait-till-age-50-to-enter-sabarimala-temple-supreme-court
2026-04-30 00:08:17,381 [INFO] BB Skipped only due to extraction failure: https://www.barandbench.com/news/litigation/misusing-black-robes-supreme-court-criticises-lawyers-obnoxious-social-media-campaign-against-judge
2026-04-30 00:08:18,128 [INFO] BB Parsed: Sabarimala reference hearing: Live updates from Supreme Court - Day 10
2026-04-30 00:08:18,232 [INFO] BB Skipped only due to extraction failure: https://www.barandbench.com/news/litigation/supreme-court-initiates-suo-motu-case-to-address-delays-by-nclt-in-approving-resolution-plans
2026-04-30 00:08:20,797 [INFO] BB Skipped only due to extraction failure: https://www.barandbench.com/news/scba-elections-supreme-court-orders-vice-president-post-to-be-reserved-for-women
2026-04-30 00:08:21,765 [INFO] BB Skipped only due to extraction failure: https://www.barandbench.com/news/litigation/karnataka-moves-supreme-court-against-high-court-order-lifting-bike-taxi-ban
2026-04-30 00:08:21,984 [INFO] BB Skipped only due to extraction failure: https://www.barandbench.com/news/litigation/senior-advocates-to-represent-death-row-convicts-supreme-court-lays-down-directions-for-death-penalty-cases
2026-04-30 00:08:23,961 [INFO] BB Skipped only due to extraction failure: https://www.barandbench.com/news/litigation
2026-04-30 00:08:25,229 [INFO] BB Skipped only due to extraction failure: https://www.barandbench.com/news/supreme-court-halts-gujarat-government-action-against-asaram-bapus-ashram-lands
2026-04-30 00:08:25,724 [INFO] BB Skipped only due to extraction failure: https://www.barandbench.com/news/corporate
2026-04-30 00:08:27,903 [INFO] BB Skipped only due to extraction failure: https://www.barandbench.com/news/notify-all-airports-supreme-court-orders-look-out-notice-against-satinder-singh-bhasin-in-grand-venice-case
2026-04-30 00:08:28,440 [INFO] BB Skipped only due to extraction failure: https://www.barandbench.com/news/west-bengal-elections-petition-filed-before-supreme-court-for-removal-of-ajay-pal-sharma-ips-as-election-observer
2026-04-30 00:08:32,470 [INFO] Duplicate topic page detected, stopping BB pagination
2026-04-30 00:08:33,661 [INFO] Running LiveLaw scraper...
2026-04-30 00:08:34,351 [INFO] LiveLaw Page 1: 6 links
2026-04-30 00:08:39,425 [INFO] LiveLaw Page 2: 12 links
2026-04-30 00:08:49,341 [INFO] LiveLaw Page 3: 8 links
2026-04-30 00:08:57,180 [INFO] LiveLaw Page 4: 10 links
2026-04-30 00:09:07,085 [INFO] LiveLaw Page 5: 6 links
2026-04-30 00:09:14,069 [INFO] LiveLaw Page 6: 10 links
2026-04-30 00:09:25,296 [INFO] LiveLaw Page 7: 10 links
2026-04-30 00:09:32,405 [INFO] Loading existing SC master dataset...
2026-04-30 00:09:32,406 [INFO] Running Bar & Bench scraper...
2026-04-30 00:09:37,549 [INFO] Bar & Bench Page 1: 23 links
2026-04-30 00:09:40,909 [INFO] BB Skipped only due to true extraction failure: https://www.barandbench.com/news/law-policy
2026-04-30 00:09:40,982 [INFO] BB Skipped only due to true extraction failure: https://www.barandbench.com/news/litigation/genuine-women-devotees-wait-till-age-50-to-enter-sabarimala-temple-supreme-court
2026-04-30 00:09:41,211 [INFO] BB Skipped only due to true extraction failure: https://www.barandbench.com/news/litigation/senior-advocates-to-represent-death-row-convicts-supreme-court-lays-down-directions-for-death-penalty-cases
2026-04-30 00:09:44,993 [INFO] BB Skipped only due to true extraction failure: https://www.barandbench.com/news/litigation/can-break-up-after-live-in-relationship-attract-rape-charges-supreme-court-asks
2026-04-30 00:09:45,087 [INFO] BB Skipped only due to true extraction failure: https://www.barandbench.com/news/supreme-court-refuses-to-pass-additional-directions-to-curb-hate-speech-says-existing-laws-sufficient
2026-04-30 00:09:45,393 [INFO] BB Parsed: Sabarimala reference hearing: Live updates from Supreme Court - Day 9
2026-04-30 00:09:49,335 [INFO] BB Skipped only due to true extraction failure: https://www.barandbench.com/news/litigation/misusing-black-robes-supreme-court-criticises-lawyers-obnoxious-social-media-campaign-against-judge
2026-04-30 00:09:49,461 [INFO] BB Skipped only due to true extraction failure: https://www.barandbench.com/news/supreme-court-halts-gujarat-government-action-against-asaram-bapus-ashram-lands
2026-04-30 00:09:49,643 [INFO] BB Skipped only due to true extraction failure: https://www.barandbench.com/news/west-bengal-elections-petition-filed-before-supreme-court-for-removal-of-ajay-pal-sharma-ips-as-election-observer
2026-04-30 00:09:53,662 [INFO] BB Skipped only due to true extraction failure: https://www.barandbench.com/news/litigation/supreme-court-upholds-order-to-evict-lt-from-bandra-property-occupied-by-it-since-1958
2026-04-30 00:09:53,752 [INFO] BB Skipped only due to true extraction failure: https://www.barandbench.com/news/notify-all-airports-supreme-court-orders-look-out-notice-against-satinder-singh-bhasin-in-grand-venice-case
2026-04-30 00:09:53,891 [INFO] BB Skipped only due to true extraction failure: https://www.barandbench.com/news/judges
2026-04-30 00:09:58,062 [INFO] BB Skipped only due to true extraction failure: https://www.barandbench.com/news/sabarimala-reference-supreme-court-warns-against-pitting-one-religion-or-language-against-another
2026-04-30 00:09:58,571 [INFO] BB Skipped only due to true extraction failure: https://www.barandbench.com/news/scba-elections-supreme-court-orders-vice-president-post-to-be-reserved-for-women
2026-04-30 00:09:58,974 [INFO] BB Skipped only due to true extraction failure: https://www.barandbench.com/news/litigation/supreme-court-initiates-suo-motu-case-to-address-delays-by-nclt-in-approving-resolution-plans
2026-04-30 00:10:02,600 [INFO] BB Skipped only due to true extraction failure: https://www.barandbench.com/news/corporate
2026-04-30 00:10:03,189 [INFO] BB Skipped only due to true extraction failure: https://www.barandbench.com/news/litigation
2026-04-30 00:10:03,420 [INFO] BB Skipped only due to true extraction failure: https://www.barandbench.com/news/litigation/whatsapp-banned-9400-accounts-used-for-digital-arrest-scams-in-2026-ag-tells-supreme-courtv
2026-04-30 00:10:07,426 [INFO] BB Parsed: Sabarimala reference hearing: Live updates from Supreme Court - Day 10
2026-04-30 00:10:07,800 [INFO] BB Skipped only due to true extraction failure: https://www.barandbench.com/news/litigation/karnataka-moves-supreme-court-against-high-court-order-lifting-bike-taxi-ban
2026-04-30 00:10:07,938 [INFO] BB Skipped only due to true extraction failure: https://www.barandbench.com/news/litigation/only-38-deer-to-remain-in-delhis-hauz-khas-park-as-supreme-court-permits-relocation-of-rest
2026-04-30 00:10:11,655 [INFO] BB Skipped only due to true extraction failure: https://www.barandbench.com/news/litigation/show-travel-itinerary-for-passport-release-supreme-court-to-teesta-setalvad
2026-04-30 00:10:11,803 [INFO] BB Skipped only due to true extraction failure: https://www.barandbench.com/news/buyer-not-criminally-liable-if-property-later-found-linked-to-forged-will-supreme-court
2026-04-30 00:10:16,020 [INFO] Duplicate topic page detected, stopping BB pagination
2026-04-30 00:10:16,316 [INFO] Running LiveLaw scraper...
2026-04-30 00:10:17,317 [INFO] LiveLaw Page 1: 6 links
2026-04-30 00:10:23,283 [INFO] LiveLaw Page 2: 12 links
2026-04-30 00:10:34,607 [INFO] LiveLaw Page 3: 8 links
2026-04-30 00:10:43,709 [INFO] LiveLaw Page 4: 10 links
2026-04-30 00:10:53,109 [INFO] LiveLaw Page 5: 6 links
2026-04-30 00:10:58,500 [INFO] LiveLaw Page 6: 10 links
2026-04-30 00:11:05,888 [INFO] LiveLaw Page 7: 10 links
2026-04-30 00:11:14,378 [INFO] LiveLaw Page 8: 11 links
2026-04-30 00:11:24,653 [INFO] LiveLaw Page 9: 9 links
2026-04-30 00:11:37,045 [INFO] LiveLaw Page 10: 9 links
2026-04-30 00:11:43,443 [INFO] Collected 2 Bar & Bench + 62 LiveLaw articles
2026-04-30 00:11:43,993 [INFO] Unified SC scrape complete | Total articles saved: 63
2026-04-30 00:11:43,994 [INFO] Saved master dataset to: C:\Users\mohit\Documents\GitHub\NexLexHub\Pharse_1\Scraper\Data\Raw_Data\SC_articles.json
