2026-04-30 00:18:33,352 [INFO] Topic Page 1: 23 links
2026-04-30 00:18:42,881 [INFO] Stopping due to stale or duplicate topic pages
2026-04-30 00:18:54,936 [INFO] BB Parsed: Can break-up after live-in relationship attract rape charges? Supreme Court asks
2026-04-30 00:18:58,371 [INFO] BB Parsed: Notify all airports: Supreme Court orders look-out notice against Satinder Singh Bhasin in Grand Ven
2026-04-30 00:18:58,443 [INFO] BB Parsed: Only 38 deer to remain in Delhi's Hauz Khas park as Supreme Court permits relocation of rest
2026-04-30 00:19:01,343 [INFO] BB Parsed: Senior advocates to represent death row convicts: Supreme Court lays down directions for death penal
2026-04-30 00:19:04,228 [INFO] BB Parsed: Judges (News)
2026-04-30 00:19:04,364 [INFO] BB Parsed: Show travel itinerary for passport release: Supreme Court to Teesta Setalvad
2026-04-30 00:19:07,066 [INFO] BB Parsed: Litigation News (News)
2026-04-30 00:19:10,150 [INFO] BB Parsed: Law & Policy News (News)
2026-04-30 00:19:10,427 [INFO] BB Parsed: Supreme Court initiates suo motu case to address delays by NCLT in approving resolution plans
2026-04-30 00:19:13,113 [INFO] BB Parsed: Supreme Court upholds order to evict L&T from Bandra property occupied by it since 1958
2026-04-30 00:19:16,495 [INFO] BB Parsed: Sabarimala reference hearing: Live updates from Supreme Court - Day 9
2026-04-30 00:19:16,653 [INFO] BB Parsed: Karnataka moves Supreme Court against High Court order lifting bike taxi ban
2026-04-30 00:19:19,000 [INFO] BB Parsed: Sabarimala reference: Supreme Court warns against pitting one religion or language against another
2026-04-30 00:19:22,432 [INFO] BB Parsed: West Bengal Elections: Petition filed before Supreme Court for removal of Ajay Pal Sharma IPS as ele
2026-04-30 00:19:22,870 [INFO] BB Parsed: Misusing black robes: Supreme Court criticises lawyer's obnoxious social media campaign against judg
2026-04-30 00:19:25,340 [INFO] BB Parsed: Supreme Court refuses to pass additional directions to curb hate speech, says existing laws sufficie
2026-04-30 00:19:28,577 [INFO] BB Parsed: WhatsApp banned 9,400 accounts used for digital arrest scams in 2026: AG tells Supreme Court
2026-04-30 00:19:29,151 [INFO] BB Parsed: Corporate & In-House News (News)
2026-04-30 00:19:31,672 [INFO] BB Parsed: SCBA Elections: Supreme Court orders Vice President post to be reserved for women
2026-04-30 00:19:34,844 [INFO] BB Parsed: Buyer not criminally liable if property later found linked to forged Will: Supreme Court
2026-04-30 00:19:35,757 [INFO] BB Parsed: Genuine women devotees wait till age 50 to enter Sabarimala temple: Supreme Court
2026-04-30 00:19:37,956 [INFO] BB Parsed: Supreme Court halts Gujarat government action against Asaram Bapu's Ashram lands
2026-04-30 00:19:41,140 [INFO] BB Parsed: Sabarimala reference hearing: Live updates from Supreme Court - Day 10
2026-04-30 00:19:41,924 [INFO] SC topic scrape complete | Total saved: 63
2026-04-30 00:27:38,246 [INFO] Topic Page 1: 23 links
2026-04-30 00:27:43,816 [INFO] Stopping due to stale or duplicate topic pages
2026-04-30 00:27:49,895 [INFO] BB Parsed: Karnataka moves Supreme Court against High Court order lifting bike taxi ban
2026-04-30 00:27:49,983 [INFO] BB Parsed: Litigation News (News)
2026-04-30 00:27:50,071 [INFO] BB Parsed: SCBA Elections: Supreme Court orders Vice President post to be reserved for women
2026-04-30 00:27:56,107 [INFO] BB Parsed: Judges (News)
2026-04-30 00:27:56,279 [INFO] BB Parsed: Sabarimala reference: Supreme Court warns against pitting one religion or language against another
2026-04-30 00:27:56,417 [INFO] BB Parsed: Genuine women devotees wait till age 50 to enter Sabarimala temple: Supreme Court
2026-04-30 00:28:02,370 [INFO] BB Parsed: Corporate & In-House News (News)
2026-04-30 00:28:02,413 [INFO] BB Parsed: Notify all airports: Supreme Court orders look-out notice against Satinder Singh Bhasin in Grand Ven
2026-04-30 00:28:02,509 [INFO] BB Parsed: West Bengal Elections: Petition filed before Supreme Court for removal of Ajay Pal Sharma IPS as ele
2026-04-30 00:28:08,476 [INFO] BB Parsed: Supreme Court refuses to pass additional directions to curb hate speech, says existing laws sufficie
2026-04-30 00:28:08,589 [INFO] BB Parsed: Law & Policy News (News)
2026-04-30 00:28:08,789 [INFO] BB Parsed: Supreme Court upholds order to evict L&T from Bandra property occupied by it since 1958
2026-04-30 00:28:14,901 [INFO] BB Parsed: Can break-up after live-in relationship attract rape charges? Supreme Court asks
2026-04-30 00:28:15,014 [INFO] BB Parsed: Sabarimala reference hearing: Live updates from Supreme Court - Day 10
2026-04-30 00:28:15,108 [INFO] BB Parsed: Sabarimala reference hearing: Live updates from Supreme Court - Day 9
2026-04-30 00:28:21,256 [INFO] BB Parsed: Supreme Court halts Gujarat government action against Asaram Bapu's Ashram lands
2026-04-30 00:28:21,464 [INFO] BB Parsed: Only 38 deer to remain in Delhi's Hauz Khas park as Supreme Court permits relocation of rest
2026-04-30 00:28:21,536 [INFO] BB Parsed: Show travel itinerary for passport release: Supreme Court to Teesta Setalvad
2026-04-30 00:28:27,482 [INFO] BB Parsed: Senior advocates to represent death row convicts: Supreme Court lays down directions for death penal
2026-04-30 00:28:27,811 [INFO] BB Parsed: Misusing black robes: Supreme Court criticises lawyer's obnoxious social media campaign against judg
2026-04-30 00:28:27,920 [INFO] BB Parsed: Supreme Court initiates suo motu case to address delays by NCLT in approving resolution plans
2026-04-30 00:28:33,684 [INFO] BB Parsed: WhatsApp banned 9,400 accounts used for digital arrest scams in 2026: AG tells Supreme Court
2026-04-30 00:28:33,848 [INFO] BB Parsed: Buyer not criminally liable if property later found linked to forged Will: Supreme Court
2026-04-30 00:28:34,750 [INFO] SC topic scrape complete | Total saved: 63
2026-04-30 00:29:55,740 [INFO] Topic Page 1: 23 links
2026-04-30 00:30:01,252 [INFO] Stopping due to stale or duplicate topic pages
2026-04-30 00:30:07,201 [INFO] BB Parsed: Corporate & In-House News (News)
2026-04-30 00:30:07,326 [INFO] BB Parsed: West Bengal Elections: Petition filed before Supreme Court for removal of Ajay Pal Sharma IPS as ele
2026-04-30 00:30:07,385 [INFO] BB Parsed: Misusing black robes: Supreme Court criticises lawyer's obnoxious social media campaign against judg
2026-04-30 00:30:13,564 [INFO] BB Parsed: Sabarimala reference: Supreme Court warns against pitting one religion or language against another
2026-04-30 00:30:13,681 [INFO] BB Parsed: Show travel itinerary for passport release: Supreme Court to Teesta Setalvad
2026-04-30 00:30:13,767 [INFO] BB Parsed: Only 38 deer to remain in Delhi's Hauz Khas park as Supreme Court permits relocation of rest
2026-04-30 00:30:19,676 [INFO] BB Parsed: SCBA Elections: Supreme Court orders Vice President post to be reserved for women
2026-04-30 00:30:19,861 [INFO] BB Parsed: Litigation News (News)
2026-04-30 00:30:19,916 [INFO] BB Parsed: Karnataka moves Supreme Court against High Court order lifting bike taxi ban
2026-04-30 00:30:26,078 [INFO] BB Parsed: Notify all airports: Supreme Court orders look-out notice against Satinder Singh Bhasin in Grand Ven
2026-04-30 00:30:26,133 [INFO] BB Parsed: Can break-up after live-in relationship attract rape charges? Supreme Court asks
2026-04-30 00:30:26,311 [INFO] BB Parsed: Genuine women devotees wait till age 50 to enter Sabarimala temple: Supreme Court
2026-04-30 00:30:32,470 [INFO] BB Parsed: Buyer not criminally liable if property later found linked to forged Will: Supreme Court
2026-04-30 00:30:32,619 [INFO] BB Parsed: WhatsApp banned 9,400 accounts used for digital arrest scams in 2026: AG tells Supreme Court
2026-04-30 00:30:32,758 [INFO] BB Parsed: Senior advocates to represent death row convicts: Supreme Court lays down directions for death penal
2026-04-30 00:30:38,473 [INFO] BB Parsed: Judges (News)
2026-04-30 00:30:38,971 [INFO] BB Parsed: Law & Policy News (News)
2026-04-30 00:30:39,219 [INFO] BB Parsed: Supreme Court halts Gujarat government action against Asaram Bapu's Ashram lands
2026-04-30 00:30:44,747 [INFO] BB Parsed: Sabarimala reference hearing: Live updates from Supreme Court - Day 10
2026-04-30 00:30:45,010 [INFO] BB Parsed: Sabarimala reference hearing: Live updates from Supreme Court - Day 9
2026-04-30 00:30:45,047 [INFO] BB Parsed: Supreme Court refuses to pass additional directions to curb hate speech, says existing laws sufficie
2026-04-30 00:30:50,695 [INFO] BB Parsed: Supreme Court initiates suo motu case to address delays by NCLT in approving resolution plans
2026-04-30 00:30:50,796 [INFO] BB Parsed: Supreme Court upholds order to evict L&T from Bandra property occupied by it since 1958
2026-04-30 00:30:50,986 [INFO] SC topic scrape complete | Total saved: 1
